<?xml version="1.0" encoding="UTF-8"?>
<!-- Generated by org.testng.reporters.JUnitReportReporter -->
<testsuite hostname="DESKTOP-E3FD4UA" failures="0" tests="3" name="TestngRunner.PriorityTest" time="0.068" errors="0" timestamp="2023-01-24T20:44:27 IST" skipped="0">
  <testcase classname="TestngRunner.PriorityTest" name="browserLaunch" time="0.044"/>
  <system-out/>
  <testcase classname="TestngRunner.PriorityTest" name="getUrl" time="0.012"/>
  <system-out/>
  <testcase classname="TestngRunner.PriorityTest" name="maxi" time="0.012"/>
  <system-out/>
</testsuite> <!-- TestngRunner.PriorityTest -->
