<?xml version="1.0" encoding="UTF-8"?>
<!-- Generated by org.testng.reporters.JUnitReportReporter -->
<testsuite hostname="DESKTOP-E3FD4UA" failures="0" tests="3" name="TestngRunner.DependencyTest" time="0.070" errors="0" timestamp="2023-01-24T21:34:02 IST" skipped="0">
  <testcase classname="TestngRunner.DependencyTest" name="browserLaunch" time="0.045"/>
  <system-out/>
  <testcase classname="TestngRunner.DependencyTest" name="maxi" time="0.015"/>
  <system-out/>
  <testcase classname="TestngRunner.DependencyTest" name="navigateUrl" time="0.010"/>
  <system-out/>
</testsuite> <!-- TestngRunner.DependencyTest -->
