<?xml version="1.0" encoding="UTF-8"?>
<!-- Generated by org.testng.reporters.JUnitReportReporter -->
<testsuite hostname="DESKTOP-E3FD4UA" failures="0" tests="2" name="TestngRunner.GroupingTest" time="0.068" errors="0" timestamp="2023-01-24T22:59:20 IST" skipped="0">
  <testcase classname="TestngRunner.GroupingTest" name="doink" time="0.056"/>
  <system-out/>
  <testcase classname="TestngRunner.GroupingTest" name="zomatto" time="0.012"/>
  <system-out/>
</testsuite> <!-- TestngRunner.GroupingTest -->
