<?xml version="1.0" encoding="UTF-8"?>
<!-- Generated by org.testng.reporters.JUnitReportReporter -->
<testsuite hostname="DESKTOP-E3FD4UA" failures="0" tests="3" name="TestngRunner.TimeOutTest" time="6.134" errors="0" timestamp="2023-01-24T21:04:56 IST" skipped="0">
  <testcase classname="TestngRunner.TimeOutTest" name="browserLaunch" time="0.038"/>
  <system-out/>
  <testcase classname="TestngRunner.TimeOutTest" name="maxi" time="0.010"/>
  <system-out/>
  <testcase classname="TestngRunner.TimeOutTest" name="navigateUrl" time="6.086"/>
  <system-out/>
</testsuite> <!-- TestngRunner.TimeOutTest -->
