<?xml version="1.0" encoding="UTF-8"?>
<!-- Generated by org.testng.reporters.JUnitReportReporter -->
<testsuite hostname="DESKTOP-E3FD4UA" failures="0" tests="1" name="TestngRunner.AssertTest" time="0.064" errors="0" timestamp="2023-01-24T22:48:41 IST" skipped="0">
  <testcase classname="TestngRunner.AssertTest" name="demo" time="0.064"/>
  <system-out/>
</testsuite> <!-- TestngRunner.AssertTest -->
