<?xml version="1.0" encoding="UTF-8"?>
<!-- Generated by org.testng.reporters.JUnitReportReporter -->
<testsuite hostname="DESKTOP-E3FD4UA" failures="0" tests="3" name="TestngRunner.DataProviderTest" time="0.057" errors="0" timestamp="2023-01-24T21:47:11 IST" skipped="0">
  <testcase classname="TestngRunner.DataProviderTest" name="credentials" time="0.009"/>
  <system-out/>
  <testcase classname="TestngRunner.DataProviderTest" name="credentials" time="0.040"/>
  <system-out/>
  <testcase classname="TestngRunner.DataProviderTest" name="credentials" time="0.008"/>
  <system-out/>
</testsuite> <!-- TestngRunner.DataProviderTest -->
