<?xml version="1.0" encoding="UTF-8"?>
<!-- Generated by org.testng.reporters.JUnitReportReporter -->
<testsuite hostname="DESKTOP-E3FD4UA" failures="0" tests="3" name="TestngRunner.IgnoreTest" time="0.027" errors="0" timestamp="2023-01-24T20:37:13 IST" skipped="2">
  <testcase classname="TestngRunner.IgnoreTest" name="browserLaunch" time="0.027"/>
  <system-out/>
  <testcase classname="TestngRunner.IgnoreTest" name="navigateUrl">
    <skipped/>
  </testcase> <!-- navigateUrl -->
  <system-out/>
  <testcase classname="TestngRunner.IgnoreTest" name="maxi">
    <skipped/>
  </testcase> <!-- maxi -->
  <system-out/>
</testsuite> <!-- TestngRunner.IgnoreTest -->
