<?xml version="1.0" encoding="UTF-8"?>
<!-- Generated by org.testng.reporters.JUnitReportReporter -->
<testsuite hostname="DESKTOP-E3FD4UA" failures="0" tests="1" name="TestngRunner.ExpectedException" time="0.032" errors="0" timestamp="2023-01-24T21:38:25 IST" skipped="0">
  <testcase classname="TestngRunner.ExpectedException" name="demo" time="0.032"/>
  <system-out/>
</testsuite> <!-- TestngRunner.ExpectedException -->
