<?xml version="1.0" encoding="UTF-8"?>
<!-- Generated by org.testng.reporters.JUnitReportReporter -->
<testsuite hostname="DESKTOP-E3FD4UA" failures="0" tests="1" name="TestngRunner.SimpleAnnotation" time="18.149" errors="0" timestamp="2023-01-21T22:00:17 IST" skipped="0">
  <testcase classname="TestngRunner.SimpleAnnotation" name="searchHotel" time="18.149"/>
  <system-out/>
</testsuite> <!-- TestngRunner.SimpleAnnotation -->
