<?xml version="1.0" encoding="UTF-8"?>
<!-- Generated by org.testng.reporters.JUnitReportReporter -->
<testsuite hostname="DESKTOP-E3FD4UA" failures="0" tests="1" name="TestngRunner.ParameterizedTest" time="0.052" errors="0" timestamp="2023-01-24T21:22:25 IST" skipped="0">
  <testcase classname="TestngRunner.ParameterizedTest" name="browserLaunch" time="0.052"/>
  <system-out/>
</testsuite> <!-- TestngRunner.ParameterizedTest -->
